# Logfile created on 2014-06-17 11:52:39 +1000 by logger.rb/44203
[0;37m2014-06-17 11:52:41.369[0m [[0;37mmeh[0m]  (pid:27015)
[0;37m2014-06-17 11:52:41.370[0m [[0;37mmeh[0m]  (pid:27015)
[0;37m2014-06-17 11:52:41.371[0m [[32mfyi[0m] Started HEAD "/" for 127.0.0.1 at 2014-06-17 11:52:41 +1000 (pid:27015)
[0;37m2014-06-17 11:52:41.485[0m [[0;37mmeh[0m] [1m[36mActiveRecord::SchemaMigration Load (6.2ms)[0m  [1mSELECT "schema_migrations".* FROM "schema_migrations"[0m (pid:27015)
[0;37m2014-06-17 11:52:41.702[0m [[32mfyi[0m] Processing by HomeController#index as HTML (pid:27015)
[0;37m2014-06-17 11:52:41.771[0m [[0;37mmeh[0m] [1m[35mBanner Load (18.2ms)[0m  SELECT  "banners".* FROM "banners"   ORDER BY "banners"."id" ASC LIMIT 1 (pid:27015)
[0;37m2014-06-17 11:52:41.808[0m [[0;37mmeh[0m] [1m[36m (5.4ms)[0m  [1mBEGIN[0m (pid:27015)
[0;37m2014-06-17 11:52:41.853[0m [[0;37mmeh[0m] [1m[35mSQL (30.5ms)[0m  INSERT INTO "impressions" ("action_name", "controller_name", "created_at", "impressionable_type", "ip_address", "request_hash", "updated_at") VALUES ($1, $2, $3, $4, $5, $6, $7) RETURNING "id"  [["action_name", "index"], ["controller_name", "home"], ["created_at", "2014-06-17 01:52:41.815009"], ["impressionable_type", "Home"], ["ip_address", "127.0.0.1"], ["request_hash", "ebc889e2014ae6ee019ffc0aee98f1e51a73379a82aa45f7ac5a0e6a17de9643"], ["updated_at", "2014-06-17 01:52:41.815009"]] (pid:27015)
[0;37m2014-06-17 11:52:41.858[0m [[0;37mmeh[0m] [1m[36m (3.4ms)[0m  [1mCOMMIT[0m (pid:27015)
[0;37m2014-06-17 11:52:41.919[0m [[0;37mmeh[0m] [1m[35mTestimonial Load (0.6ms)[0m  SELECT  "testimonials".* FROM "testimonials"  WHERE "testimonials"."featured" = 't' LIMIT 3 (pid:27015)
[0;37m2014-06-17 11:52:41.974[0m [[0;37mmeh[0m] [1m[36m (0.7ms)[0m  [1mSELECT COUNT(count_column) FROM (SELECT  1 AS count_column FROM "events"  WHERE (date >= '2014-06-17') LIMIT 3) subquery_for_count[0m (pid:27015)
[0;37m2014-06-17 11:52:41.983[0m [[0;37mmeh[0m] [1m[35m (1.2ms)[0m  SELECT COUNT(count_column) FROM (SELECT  1 AS count_column FROM "weekend_programmes"  WHERE "weekend_programmes"."active" = 't' AND (date > '2014-06-17') LIMIT 3) subquery_for_count (pid:27015)
[0;37m2014-06-17 11:52:41.985[0m [[0;37mmeh[0m] [1m[36mWeekendProgramme Load (0.5ms)[0m  [1mSELECT  "weekend_programmes".* FROM "weekend_programmes"  WHERE "weekend_programmes"."active" = 't' AND (date > '2014-06-17')  ORDER BY "weekend_programmes"."date" ASC LIMIT 3[0m (pid:27015)
[0;37m2014-06-17 11:52:42.211[0m [[0;37mmeh[0m] [1m[35mLocation Load (0.5ms)[0m  SELECT  "locations".* FROM "locations"  WHERE "locations"."id" = $1 LIMIT 1  [["id", 3]] (pid:27015)
[0;37m2014-06-17 11:52:42.375[0m [[0;37mmeh[0m] [1m[36mPopularProgramme Load (0.7ms)[0m  [1mSELECT  "popular_programmes".* FROM "popular_programmes"  WHERE "popular_programmes"."id" = $1 LIMIT 1[0m  [["id", 2]] (pid:27015)
[0;37m2014-06-17 11:52:42.589[0m [[0;37mmeh[0m] [1m[35mLocation Load (0.5ms)[0m  SELECT  "locations".* FROM "locations"  WHERE "locations"."id" = $1 LIMIT 1  [["id", 2]] (pid:27015)
[0;37m2014-06-17 11:52:42.616[0m [[0;37mmeh[0m] [1m[36mCACHE (0.0ms)[0m  [1mSELECT  "popular_programmes".* FROM "popular_programmes"  WHERE "popular_programmes"."id" = $1 LIMIT 1[0m  [["id", 2]] (pid:27015)
[0;37m2014-06-17 11:52:42.650[0m [[0;37mmeh[0m] [1m[35mCACHE (0.0ms)[0m  SELECT  "locations".* FROM "locations"  WHERE "locations"."id" = $1 LIMIT 1  [["id", 3]] (pid:27015)
[0;37m2014-06-17 11:52:42.672[0m [[0;37mmeh[0m] [1m[36mPopularProgramme Load (0.5ms)[0m  [1mSELECT  "popular_programmes".* FROM "popular_programmes"  WHERE "popular_programmes"."id" = $1 LIMIT 1[0m  [["id", 3]] (pid:27015)
[0;37m2014-06-17 11:52:42.714[0m [[0;37mmeh[0m] [1m[35mEvent Load (0.4ms)[0m  SELECT  "events".* FROM "events"  WHERE (date >= '2014-06-17')  ORDER BY "events"."date" ASC LIMIT 3 (pid:27015)
[0;37m2014-06-17 11:52:42.751[0m [[0;37mmeh[0m] [1m[36mCACHE (0.0ms)[0m  [1mSELECT  "locations".* FROM "locations"  WHERE "locations"."id" = $1 LIMIT 1[0m  [["id", 3]] (pid:27015)
[0;37m2014-06-17 11:52:42.849[0m [[32mfyi[0m] Rendered home/_upcoming_programmes.html.erb (121.4ms) (pid:27015)
[0;37m2014-06-17 11:52:42.852[0m [[32mfyi[0m] Rendered home/index.html.erb within layouts/public (174.4ms) (pid:27015)
[0;37m2014-06-17 11:52:42.489[0m [[32mfyi[0m] Rendered layouts/_icons.html.erb (1.1ms) (pid:27015)
[0;37m2014-06-17 11:52:42.495[0m [[32mfyi[0m] Rendered layouts/_post_meta.html.erb (4.9ms) (pid:27015)
[0;37m2014-06-17 11:52:42.498[0m [[32mfyi[0m] Rendered layouts/_facebook_pixel.html.erb (1.0ms) (pid:27015)
[0;37m2014-06-17 11:52:42.500[0m [[32mfyi[0m] Rendered layouts/_google_analytics.html.erb (1.0ms) (pid:27015)
[0;37m2014-06-17 11:52:42.511[0m [[0;37mmeh[0m] [1m[35mPopularProgramme Load (0.8ms)[0m  SELECT "popular_programmes".* FROM "popular_programmes"   ORDER BY "popular_programmes"."price" ASC (pid:27015)
[0;37m2014-06-17 11:52:42.514[0m [[32mfyi[0m] Rendered layouts/_header_links2.html.erb (7.2ms) (pid:27015)
[0;37m2014-06-17 11:52:42.515[0m [[32mfyi[0m] Rendered layouts/_header.html.erb (13.1ms) (pid:27015)
[0;37m2014-06-17 11:52:42.519[0m [[32mfyi[0m] Rendered layouts/_footer.html.erb (2.5ms) (pid:27015)
[0;37m2014-06-17 11:52:42.593[0m [[32mfyi[0m] Completed 200 OK in 891ms (Views: 680.7ms | ActiveRecord: 78.8ms) (pid:27015)
[0;37m2014-06-17 11:53:00.346[0m [[0;37mmeh[0m]  (pid:27015)
[0;37m2014-06-17 11:53:00.347[0m [[0;37mmeh[0m]  (pid:27015)
[0;37m2014-06-17 11:53:00.347[0m [[32mfyi[0m] Started GET "/popular_programmes/beginner-coder-weekend-programme" for 127.0.0.1 at 2014-06-17 11:53:00 +1000 (pid:27015)
[0;37m2014-06-17 11:53:00.384[0m [[32mfyi[0m] Processing by PopularProgrammesController#show as HTML (pid:27015)
[0;37m2014-06-17 11:53:00.384[0m [[32mfyi[0m] Parameters: {"id"=>"beginner-coder-weekend-programme"} (pid:27015)
[0;37m2014-06-17 11:53:00.388[0m [[0;37mmeh[0m] [1m[36mBanner Load (0.5ms)[0m  [1mSELECT  "banners".* FROM "banners"   ORDER BY "banners"."id" ASC LIMIT 1[0m (pid:27015)
[0;37m2014-06-17 11:53:00.397[0m [[0;37mmeh[0m] [1m[35mPopularProgramme Load (6.5ms)[0m  SELECT  "popular_programmes".* FROM "popular_programmes"  WHERE "popular_programmes"."slug" = 'beginner-coder-weekend-programme'  ORDER BY "popular_programmes"."id" ASC LIMIT 1 (pid:27015)
[0;37m2014-06-17 11:53:00.403[0m [[0;37mmeh[0m] [1m[36mUser Load (0.7ms)[0m  [1mSELECT  "users".* FROM "users"  WHERE "users"."id" = 1  ORDER BY "users"."id" ASC LIMIT 1[0m (pid:27015)
[0;37m2014-06-17 11:53:00.429[0m [[0;37mmeh[0m] [1m[35m (0.3ms)[0m  BEGIN (pid:27015)
[0;37m2014-06-17 11:53:00.433[0m [[0;37mmeh[0m] [1m[36mSQL (1.1ms)[0m  [1mINSERT INTO "impressions" ("action_name", "controller_name", "created_at", "impressionable_id", "impressionable_type", "ip_address", "referrer", "request_hash", "session_hash", "updated_at", "user_id") VALUES ($1, $2, $3, $4, $5, $6, $7, $8, $9, $10, $11) RETURNING "id"[0m  [["action_name", "show"], ["controller_name", "popular_programmes"], ["created_at", "2014-06-17 01:53:00.430278"], ["impressionable_id", 0], ["impressionable_type", "PopularProgramme"], ["ip_address", "127.0.0.1"], ["referrer", "http://localhost:3000/locations/river-city-labs"], ["request_hash", "bf0ae2ee8d31c0e0e9dd3d23c4628d7db881a02ed5c3570852606054cbfe52be"], ["session_hash", "53ad9ff65043e14bf123542d71f5219b"], ["updated_at", "2014-06-17 01:53:00.430278"], ["user_id", 1]] (pid:27015)
[0;37m2014-06-17 11:53:00.434[0m [[0;37mmeh[0m] [1m[35m (0.5ms)[0m  COMMIT (pid:27015)
[0;37m2014-06-17 11:53:00.497[0m [[0;37mmeh[0m] [1m[36mWeekendProgramme Load (0.4ms)[0m  [1mSELECT  "weekend_programmes".* FROM "weekend_programmes"  WHERE "weekend_programmes"."popular_programme_id" = $1 AND "weekend_programmes"."active" = 't' AND (date > '2014-06-17')  ORDER BY "weekend_programmes"."date" ASC LIMIT 1[0m  [["popular_programme_id", 2]] (pid:27015)
[0;37m2014-06-17 11:53:00.506[0m [[0;37mmeh[0m] [1m[35mWeekendProgramme Load (0.3ms)[0m  SELECT  "weekend_programmes".* FROM "weekend_programmes"  WHERE "weekend_programmes"."popular_programme_id" = $1  ORDER BY "weekend_programmes"."id" ASC LIMIT 1  [["popular_programme_id", 2]] (pid:27015)
[0;37m2014-06-17 11:53:00.527[0m [[0;37mmeh[0m] [1m[36m (0.8ms)[0m  [1mSELECT COUNT(*) FROM "units" INNER JOIN "popular_programme_units" ON "units"."id" = "popular_programme_units"."unit_id" WHERE "popular_programme_units"."popular_programme_id" = $1[0m  [["popular_programme_id", 2]] (pid:27015)
[0;37m2014-06-17 11:53:00.536[0m [[0;37mmeh[0m] [1m[35m (6.3ms)[0m  SELECT SUM("units"."duration_minutes") AS sum_id FROM "units" INNER JOIN "popular_programme_units" ON "units"."id" = "popular_programme_units"."unit_id" WHERE "popular_programme_units"."popular_programme_id" = $1  [["popular_programme_id", 2]] (pid:27015)
[0;37m2014-06-17 11:53:00.538[0m [[0;37mmeh[0m] [1m[36mCACHE (0.0ms)[0m  [1mSELECT SUM("units"."duration_minutes") AS sum_id FROM "units" INNER JOIN "popular_programme_units" ON "units"."id" = "popular_programme_units"."unit_id" WHERE "popular_programme_units"."popular_programme_id" = $1[0m  [["popular_programme_id", 2]] (pid:27015)
[0;37m2014-06-17 11:53:00.554[0m [[32mfyi[0m] Rendered layouts/_payment_plans.html.erb (1.2ms) (pid:27015)
[0;37m2014-06-17 11:53:00.555[0m [[32mfyi[0m] Rendered popular_programmes/_programme_numbers.html.erb (43.6ms) (pid:27015)
[0;37m2014-06-17 11:53:00.556[0m [[0;37mmeh[0m] [1m[35m (0.3ms)[0m  SELECT COUNT(*) FROM "weekend_programmes"  WHERE "weekend_programmes"."popular_programme_id" = $1 AND "weekend_programmes"."active" = 't' AND (date > '2014-06-17')  [["popular_programme_id", 2]] (pid:27015)
[0;37m2014-06-17 11:53:00.558[0m [[0;37mmeh[0m] [1m[36mWeekendProgramme Load (0.5ms)[0m  [1mSELECT "weekend_programmes".* FROM "weekend_programmes"  WHERE "weekend_programmes"."popular_programme_id" = $1 AND "weekend_programmes"."active" = 't' AND (date > '2014-06-17')  ORDER BY "weekend_programmes"."date" ASC[0m  [["popular_programme_id", 2]] (pid:27015)
[0;37m2014-06-17 11:53:00.563[0m [[0;37mmeh[0m] [1m[35mLocation Load (0.3ms)[0m  SELECT  "locations".* FROM "locations"  WHERE "locations"."id" = $1 LIMIT 1  [["id", 3]] (pid:27015)
[0;37m2014-06-17 11:53:00.566[0m [[0;37mmeh[0m] [1m[36mLocation Load (0.3ms)[0m  [1mSELECT  "locations".* FROM "locations"  WHERE "locations"."id" = $1 LIMIT 1[0m  [["id", 2]] (pid:27015)
[0;37m2014-06-17 11:53:00.568[0m [[32mfyi[0m] Rendered popular_programmes/_scheduled_programme.html.erb (7.5ms) (pid:27015)
[0;37m2014-06-17 11:53:00.569[0m [[0;37mmeh[0m] [1m[35mUnit Load (0.5ms)[0m  SELECT "units".* FROM "units" INNER JOIN "popular_programme_units" ON "units"."id" = "popular_programme_units"."unit_id" WHERE "popular_programme_units"."popular_programme_id" = $1  ORDER BY "units"."skill_level_id" ASC  [["popular_programme_id", 2]] (pid:27015)
[0;37m2014-06-17 11:53:00.593[0m [[0;37mmeh[0m] [1m[36mSkillGroup Load (0.5ms)[0m  [1mSELECT  "skill_groups".* FROM "skill_groups"  WHERE "skill_groups"."id" = $1 LIMIT 1[0m  [["id", 3]] (pid:27015)
[0;37m2014-06-17 11:53:00.602[0m [[0;37mmeh[0m] [1m[35mSkillGroup Load (0.3ms)[0m  SELECT  "skill_groups".* FROM "skill_groups"  WHERE "skill_groups"."id" = $1 LIMIT 1  [["id", 2]] (pid:27015)
[0;37m2014-06-17 11:53:00.604[0m [[0;37mmeh[0m] [1m[36mSkillGroup Load (0.3ms)[0m  [1mSELECT  "skill_groups".* FROM "skill_groups"  WHERE "skill_groups"."id" = $1 LIMIT 1[0m  [["id", 4]] (pid:27015)
[0;37m2014-06-17 11:53:00.608[0m [[0;37mmeh[0m] [1m[35mCACHE (0.0ms)[0m  SELECT  "locations".* FROM "locations"  WHERE "locations"."id" = $1 LIMIT 1  [["id", 3]] (pid:27015)
[0;37m2014-06-17 11:53:00.611[0m [[0;37mmeh[0m] [1m[36mCACHE (0.0ms)[0m  [1mSELECT COUNT(*) FROM "weekend_programmes"  WHERE "weekend_programmes"."popular_programme_id" = $1 AND "weekend_programmes"."active" = 't' AND (date > '2014-06-17')[0m  [["popular_programme_id", 2]] (pid:27015)
[0;37m2014-06-17 11:53:00.638[0m [[0;37mmeh[0m] [1m[35mTestimonial Load (12.0ms)[0m  SELECT  "testimonials".* FROM "testimonials"  WHERE "testimonials"."popular_programme_id" = $1  ORDER BY "testimonials"."id" ASC LIMIT 1  [["popular_programme_id", 2]] (pid:27015)
[0;37m2014-06-17 11:53:00.645[0m [[0;37mmeh[0m] [1m[36mCACHE (0.1ms)[0m  [1mSELECT  "testimonials".* FROM "testimonials"  WHERE "testimonials"."popular_programme_id" = $1  ORDER BY "testimonials"."id" ASC LIMIT 1[0m  [["popular_programme_id", 2]] (pid:27015)
[0;37m2014-06-17 11:53:00.647[0m [[0;37mmeh[0m] [1m[35mCACHE (0.1ms)[0m  SELECT  "testimonials".* FROM "testimonials"  WHERE "testimonials"."popular_programme_id" = $1  ORDER BY "testimonials"."id" ASC LIMIT 1  [["popular_programme_id", 2]] (pid:27015)
[0;37m2014-06-17 11:53:00.649[0m [[0;37mmeh[0m] [1m[36mCACHE (0.0ms)[0m  [1mSELECT  "testimonials".* FROM "testimonials"  WHERE "testimonials"."popular_programme_id" = $1  ORDER BY "testimonials"."id" ASC LIMIT 1[0m  [["popular_programme_id", 2]] (pid:27015)
[0;37m2014-06-17 11:53:00.665[0m [[0;37mmeh[0m] [1m[35mPopularProgramme Load (4.1ms)[0m  SELECT "popular_programmes".* FROM "popular_programmes"   ORDER BY "popular_programmes"."price" ASC (pid:27015)
[0;37m2014-06-17 11:53:00.671[0m [[32mfyi[0m] Rendered layouts/_banner.html.erb (1.3ms) (pid:27015)
[0;37m2014-06-17 11:53:00.671[0m [[32mfyi[0m] Rendered layouts/_programme_sidebar.html.erb (65.1ms) (pid:27015)
[0;37m2014-06-17 11:53:00.671[0m [[32mfyi[0m] Rendered popular_programmes/show.html.erb within layouts/public (168.8ms) (pid:27015)
[0;37m2014-06-17 11:53:00.690[0m [[32mfyi[0m] Rendered layouts/_icons.html.erb (0.8ms) (pid:27015)
[0;37m2014-06-17 11:53:00.692[0m [[32mfyi[0m] Rendered layouts/_post_meta.html.erb (0.8ms) (pid:27015)
[0;37m2014-06-17 11:53:00.694[0m [[32mfyi[0m] Rendered layouts/_facebook_pixel.html.erb (0.5ms) (pid:27015)
[0;37m2014-06-17 11:53:00.696[0m [[32mfyi[0m] Rendered layouts/_google_analytics.html.erb (0.7ms) (pid:27015)
[0;37m2014-06-17 11:53:00.702[0m [[32mfyi[0m] Rendered layouts/_header_links2.html.erb (1.9ms) (pid:27015)
[0;37m2014-06-17 11:53:00.703[0m [[32mfyi[0m] Rendered layouts/_header.html.erb (4.9ms) (pid:27015)
[0;37m2014-06-17 11:53:00.707[0m [[32mfyi[0m] Rendered layouts/_page_title.html.erb (1.8ms) (pid:27015)
[0;37m2014-06-17 11:53:00.709[0m [[32mfyi[0m] Rendered layouts/_footer.html.erb (1.3ms) (pid:27015)
[0;37m2014-06-17 11:53:00.714[0m [[32mfyi[0m] Completed 200 OK in 330ms (Views: 186.1ms | ActiveRecord: 49.2ms) (pid:27015)
[0;37m2014-06-17 11:53:03.997[0m [[0;37mmeh[0m]  (pid:27030)
[0;37m2014-06-17 11:53:03.998[0m [[0;37mmeh[0m]  (pid:27030)
[0;37m2014-06-17 11:53:03.998[0m [[32mfyi[0m] Started GET "/popular_programmes/fonts/fontawesome-webfont.woff?v=4.0.3" for 127.0.0.1 at 2014-06-17 11:53:03 +1000 (pid:27030)
[0;37m2014-06-17 11:53:04.783[0m [[31momg[0m] ActionController::RoutingError (No route matches [GET] "/popular_programmes/fonts/fontawesome-webfont.woff"):
  actionpack (4.1.1) lib/action_dispatch/middleware/debug_exceptions.rb:21:in `call'
  actionpack (4.1.1) lib/action_dispatch/middleware/show_exceptions.rb:30:in `call'
  railties (4.1.1) lib/rails/rack/logger.rb:38:in `call_app'
  railties (4.1.1) lib/rails/rack/logger.rb:22:in `call'
  quiet_assets (1.0.2) lib/quiet_assets.rb:18:in `call_with_quiet_assets'
  actionpack (4.1.1) lib/action_dispatch/middleware/request_id.rb:21:in `call'
  rack (1.5.2) lib/rack/methodoverride.rb:21:in `call'
  rack (1.5.2) lib/rack/runtime.rb:17:in `call'
  activesupport (4.1.1) lib/active_support/cache/strategy/local_cache_middleware.rb:26:in `call'
  rack (1.5.2) lib/rack/lock.rb:17:in `call'
  actionpack (4.1.1) lib/action_dispatch/middleware/static.rb:64:in `call'
  rack (1.5.2) lib/rack/sendfile.rb:112:in `call'
  railties (4.1.1) lib/rails/engine.rb:514:in `call'
  railties (4.1.1) lib/rails/application.rb:144:in `call'
  passenger (4.0.45) lib/phusion_passenger/rack/thread_handler_extension.rb:74:in `process_request'
  passenger (4.0.45) lib/phusion_passenger/request_handler/thread_handler.rb:141:in `accept_and_process_next_request'
  passenger (4.0.45) lib/phusion_passenger/request_handler/thread_handler.rb:109:in `main_loop'
  passenger (4.0.45) lib/phusion_passenger/request_handler.rb:448:in `block (3 levels) in start_threads' (pid:27030)
[0;37m2014-06-17 11:53:04.130[0m [[32mfyi[0m] Rendered /Users/pete/.rvm/gems/ruby-2.1.2@rails-410/gems/actionpack-4.1.1/lib/action_dispatch/middleware/templates/rescues/_trace.html.erb (3.1ms) (pid:27030)
[0;37m2014-06-17 11:53:04.400[0m [[32mfyi[0m] Rendered /Users/pete/.rvm/gems/ruby-2.1.2@rails-410/gems/actionpack-4.1.1/lib/action_dispatch/middleware/templates/routes/_route.html.erb (106.3ms) (pid:27030)
[0;37m2014-06-17 11:53:04.417[0m [[32mfyi[0m] Rendered /Users/pete/.rvm/gems/ruby-2.1.2@rails-410/gems/actionpack-4.1.1/lib/action_dispatch/middleware/templates/routes/_table.html.erb (7.9ms) (pid:27030)
[0;37m2014-06-17 11:53:04.418[0m [[32mfyi[0m] Rendered /Users/pete/.rvm/gems/ruby-2.1.2@rails-410/gems/actionpack-4.1.1/lib/action_dispatch/middleware/templates/rescues/routing_error.html.erb within rescues/layout (312.2ms) (pid:27030)
[0;37m2014-06-17 11:53:04.679[0m [[0;37mmeh[0m]  (pid:27030)
[0;37m2014-06-17 11:53:04.680[0m [[0;37mmeh[0m]  (pid:27030)
[0;37m2014-06-17 11:53:04.681[0m [[32mfyi[0m] Started GET "/popular_programmes/fonts/fontawesome-webfont.svg?v=4.0.3" for 127.0.0.1 at 2014-06-17 11:53:04 +1000 (pid:27030)
[0;37m2014-06-17 11:53:04.720[0m [[31momg[0m] ActionController::RoutingError (No route matches [GET] "/popular_programmes/fonts/fontawesome-webfont.svg"):
  actionpack (4.1.1) lib/action_dispatch/middleware/debug_exceptions.rb:21:in `call'
  actionpack (4.1.1) lib/action_dispatch/middleware/show_exceptions.rb:30:in `call'
  railties (4.1.1) lib/rails/rack/logger.rb:38:in `call_app'
  railties (4.1.1) lib/rails/rack/logger.rb:22:in `call'
  quiet_assets (1.0.2) lib/quiet_assets.rb:18:in `call_with_quiet_assets'
  actionpack (4.1.1) lib/action_dispatch/middleware/request_id.rb:21:in `call'
  rack (1.5.2) lib/rack/methodoverride.rb:21:in `call'
  rack (1.5.2) lib/rack/runtime.rb:17:in `call'
  activesupport (4.1.1) lib/active_support/cache/strategy/local_cache_middleware.rb:26:in `call'
  rack (1.5.2) lib/rack/lock.rb:17:in `call'
  actionpack (4.1.1) lib/action_dispatch/middleware/static.rb:64:in `call'
  rack (1.5.2) lib/rack/sendfile.rb:112:in `call'
  railties (4.1.1) lib/rails/engine.rb:514:in `call'
  railties (4.1.1) lib/rails/application.rb:144:in `call'
  passenger (4.0.45) lib/phusion_passenger/rack/thread_handler_extension.rb:74:in `process_request'
  passenger (4.0.45) lib/phusion_passenger/request_handler/thread_handler.rb:141:in `accept_and_process_next_request'
  passenger (4.0.45) lib/phusion_passenger/request_handler/thread_handler.rb:109:in `main_loop'
  passenger (4.0.45) lib/phusion_passenger/request_handler.rb:448:in `block (3 levels) in start_threads' (pid:27030)
[0;37m2014-06-17 11:53:04.741[0m [[32mfyi[0m] Rendered /Users/pete/.rvm/gems/ruby-2.1.2@rails-410/gems/actionpack-4.1.1/lib/action_dispatch/middleware/templates/rescues/_trace.html.erb (2.5ms) (pid:27030)
[0;37m2014-06-17 11:53:04.875[0m [[32mfyi[0m] Rendered /Users/pete/.rvm/gems/ruby-2.1.2@rails-410/gems/actionpack-4.1.1/lib/action_dispatch/middleware/templates/routes/_route.html.erb (41.6ms) (pid:27030)
[0;37m2014-06-17 11:53:04.880[0m [[32mfyi[0m] Rendered /Users/pete/.rvm/gems/ruby-2.1.2@rails-410/gems/actionpack-4.1.1/lib/action_dispatch/middleware/templates/routes/_table.html.erb (1.5ms) (pid:27030)
[0;37m2014-06-17 11:53:04.881[0m [[32mfyi[0m] Rendered /Users/pete/.rvm/gems/ruby-2.1.2@rails-410/gems/actionpack-4.1.1/lib/action_dispatch/middleware/templates/rescues/routing_error.html.erb within rescues/layout (150.0ms) (pid:27030)
[0;37m2014-06-17 11:53:15.107[0m [[0;37mmeh[0m]  (pid:27030)
[0;37m2014-06-17 11:53:15.115[0m [[0;37mmeh[0m]  (pid:27030)
[0;37m2014-06-17 11:53:15.116[0m [[32mfyi[0m] Started GET "/enrolments/new?intake=1" for 127.0.0.1 at 2014-06-17 11:53:15 +1000 (pid:27030)
[0;37m2014-06-17 11:53:15.240[0m [[32mfyi[0m] Processing by EnrolmentsController#new as HTML (pid:27030)
[0;37m2014-06-17 11:53:15.240[0m [[32mfyi[0m] Parameters: {"intake"=>"1"} (pid:27030)
[0;37m2014-06-17 11:53:15.279[0m [[0;37mmeh[0m] [1m[36mBanner Load (1.0ms)[0m  [1mSELECT  "banners".* FROM "banners"   ORDER BY "banners"."id" ASC LIMIT 1[0m (pid:27030)
[0;37m2014-06-17 11:53:15.306[0m [[0;37mmeh[0m] [1m[35mUser Load (1.2ms)[0m  SELECT  "users".* FROM "users"  WHERE "users"."id" = 1  ORDER BY "users"."id" ASC LIMIT 1 (pid:27030)
[0;37m2014-06-17 11:53:15.348[0m [[0;37mmeh[0m] [1m[36m (0.2ms)[0m  [1mBEGIN[0m (pid:27030)
[0;37m2014-06-17 11:53:15.393[0m [[0;37mmeh[0m] [1m[35mSQL (31.7ms)[0m  INSERT INTO "impressions" ("action_name", "controller_name", "created_at", "impressionable_type", "ip_address", "referrer", "request_hash", "session_hash", "updated_at", "user_id") VALUES ($1, $2, $3, $4, $5, $6, $7, $8, $9, $10) RETURNING "id"  [["action_name", "new"], ["controller_name", "enrolments"], ["created_at", "2014-06-17 01:53:15.353452"], ["impressionable_type", "Enrolment"], ["ip_address", "127.0.0.1"], ["referrer", "http://localhost:3000/popular_programmes/beginner-coder-weekend-programme"], ["request_hash", "c61754a771741d4c6f5a48cd12d9e48b2a91a50032d9d7752dae6b1ba512c215"], ["session_hash", "53ad9ff65043e14bf123542d71f5219b"], ["updated_at", "2014-06-17 01:53:15.353452"], ["user_id", 1]] (pid:27030)
[0;37m2014-06-17 11:53:15.412[0m [[0;37mmeh[0m] [1m[36m (12.9ms)[0m  [1mCOMMIT[0m (pid:27030)
[0;37m2014-06-17 11:53:15.444[0m [[0;37mmeh[0m] [1m[35mWeekendProgramme Load (12.7ms)[0m  SELECT  "weekend_programmes".* FROM "weekend_programmes"  WHERE "weekend_programmes"."id" = $1 LIMIT 1  [["id", 1]] (pid:27030)
[0;37m2014-06-17 11:53:15.577[0m [[0;37mmeh[0m] [1m[36mPopularProgramme Load (0.5ms)[0m  [1mSELECT  "popular_programmes".* FROM "popular_programmes"  WHERE "popular_programmes"."id" = $1 LIMIT 1[0m  [["id", 2]] (pid:27030)
[0;37m2014-06-17 11:53:15.583[0m [[32mfyi[0m] Rendered enrolments/_form.html.erb (129.5ms) (pid:27030)
[0;37m2014-06-17 11:53:15.662[0m [[0;37mmeh[0m] [1m[35mLocation Load (1.7ms)[0m  SELECT  "locations".* FROM "locations"  WHERE "locations"."id" = $1 LIMIT 1  [["id", 3]] (pid:27030)
[0;37m2014-06-17 11:53:15.678[0m [[32mfyi[0m] Rendered layouts/_selected_programme.html.erb (93.4ms) (pid:27030)
[0;37m2014-06-17 11:53:15.678[0m [[32mfyi[0m] Rendered enrolments/new.html.erb within layouts/public (227.9ms) (pid:27030)
[0;37m2014-06-17 11:53:16.825[0m [[32mfyi[0m] Rendered layouts/_icons.html.erb (1.0ms) (pid:27030)
[0;37m2014-06-17 11:53:16.915[0m [[32mfyi[0m] Rendered layouts/_post_meta.html.erb (7.0ms) (pid:27030)
[0;37m2014-06-17 11:53:16.941[0m [[32mfyi[0m] Rendered layouts/_facebook_pixel.html.erb (1.3ms) (pid:27030)
[0;37m2014-06-17 11:53:16.965[0m [[32mfyi[0m] Rendered layouts/_google_analytics.html.erb (1.2ms) (pid:27030)
[0;37m2014-06-17 11:53:16.157[0m [[0;37mmeh[0m] [1m[36mPopularProgramme Load (1.1ms)[0m  [1mSELECT "popular_programmes".* FROM "popular_programmes"   ORDER BY "popular_programmes"."price" ASC[0m (pid:27030)
[0;37m2014-06-17 11:53:16.159[0m [[32mfyi[0m] Rendered layouts/_header_links2.html.erb (11.0ms) (pid:27030)
[0;37m2014-06-17 11:53:16.159[0m [[32mfyi[0m] Rendered layouts/_header.html.erb (61.6ms) (pid:27030)
[0;37m2014-06-17 11:53:16.163[0m [[32mfyi[0m] Rendered layouts/_footer.html.erb (2.5ms) (pid:27030)
[0;37m2014-06-17 11:53:16.228[0m [[32mfyi[0m] Completed 200 OK in 987ms (Views: 757.5ms | ActiveRecord: 96.1ms) (pid:27030)
[0;37m2014-06-17 11:53:17.686[0m [[0;37mmeh[0m]  (pid:27015)
[0;37m2014-06-17 11:53:17.687[0m [[0;37mmeh[0m]  (pid:27015)
[0;37m2014-06-17 11:53:17.687[0m [[32mfyi[0m] Started GET "/enrolments/fonts/fontawesome-webfont.woff?v=4.0.3" for 127.0.0.1 at 2014-06-17 11:53:17 +1000 (pid:27015)
[0;37m2014-06-17 11:53:17.769[0m [[31momg[0m] ActionController::RoutingError (No route matches [GET] "/enrolments/fonts/fontawesome-webfont.woff"):
  actionpack (4.1.1) lib/action_dispatch/middleware/debug_exceptions.rb:21:in `call'
  actionpack (4.1.1) lib/action_dispatch/middleware/show_exceptions.rb:30:in `call'
  railties (4.1.1) lib/rails/rack/logger.rb:38:in `call_app'
  railties (4.1.1) lib/rails/rack/logger.rb:22:in `call'
  quiet_assets (1.0.2) lib/quiet_assets.rb:18:in `call_with_quiet_assets'
  actionpack (4.1.1) lib/action_dispatch/middleware/request_id.rb:21:in `call'
  rack (1.5.2) lib/rack/methodoverride.rb:21:in `call'
  rack (1.5.2) lib/rack/runtime.rb:17:in `call'
  activesupport (4.1.1) lib/active_support/cache/strategy/local_cache_middleware.rb:26:in `call'
  rack (1.5.2) lib/rack/lock.rb:17:in `call'
  actionpack (4.1.1) lib/action_dispatch/middleware/static.rb:64:in `call'
  rack (1.5.2) lib/rack/sendfile.rb:112:in `call'
  railties (4.1.1) lib/rails/engine.rb:514:in `call'
  railties (4.1.1) lib/rails/application.rb:144:in `call'
  passenger (4.0.45) lib/phusion_passenger/rack/thread_handler_extension.rb:74:in `process_request'
  passenger (4.0.45) lib/phusion_passenger/request_handler/thread_handler.rb:141:in `accept_and_process_next_request'
  passenger (4.0.45) lib/phusion_passenger/request_handler/thread_handler.rb:109:in `main_loop'
  passenger (4.0.45) lib/phusion_passenger/request_handler.rb:448:in `block (3 levels) in start_threads' (pid:27015)
[0;37m2014-06-17 11:53:17.821[0m [[32mfyi[0m] Rendered /Users/pete/.rvm/gems/ruby-2.1.2@rails-410/gems/actionpack-4.1.1/lib/action_dispatch/middleware/templates/rescues/_trace.html.erb (5.0ms) (pid:27015)
[0;37m2014-06-17 11:53:18.112[0m [[32mfyi[0m] Rendered /Users/pete/.rvm/gems/ruby-2.1.2@rails-410/gems/actionpack-4.1.1/lib/action_dispatch/middleware/templates/routes/_route.html.erb (45.1ms) (pid:27015)
[0;37m2014-06-17 11:53:18.385[0m [[32mfyi[0m] Rendered /Users/pete/.rvm/gems/ruby-2.1.2@rails-410/gems/actionpack-4.1.1/lib/action_dispatch/middleware/templates/routes/_table.html.erb (18.1ms) (pid:27015)
[0;37m2014-06-17 11:53:18.395[0m [[32mfyi[0m] Rendered /Users/pete/.rvm/gems/ruby-2.1.2@rails-410/gems/actionpack-4.1.1/lib/action_dispatch/middleware/templates/rescues/routing_error.html.erb within rescues/layout (247.2ms) (pid:27015)
[0;37m2014-06-17 11:53:18.139[0m [[0;37mmeh[0m]  (pid:27015)
[0;37m2014-06-17 11:53:18.139[0m [[0;37mmeh[0m]  (pid:27015)
[0;37m2014-06-17 11:53:18.139[0m [[32mfyi[0m] Started GET "/enrolments/fonts/fontawesome-webfont.svg?v=4.0.3" for 127.0.0.1 at 2014-06-17 11:53:18 +1000 (pid:27015)
[0;37m2014-06-17 11:53:18.191[0m [[31momg[0m] ActionController::RoutingError (No route matches [GET] "/enrolments/fonts/fontawesome-webfont.svg"):
  actionpack (4.1.1) lib/action_dispatch/middleware/debug_exceptions.rb:21:in `call'
  actionpack (4.1.1) lib/action_dispatch/middleware/show_exceptions.rb:30:in `call'
  railties (4.1.1) lib/rails/rack/logger.rb:38:in `call_app'
  railties (4.1.1) lib/rails/rack/logger.rb:22:in `call'
  quiet_assets (1.0.2) lib/quiet_assets.rb:18:in `call_with_quiet_assets'
  actionpack (4.1.1) lib/action_dispatch/middleware/request_id.rb:21:in `call'
  rack (1.5.2) lib/rack/methodoverride.rb:21:in `call'
  rack (1.5.2) lib/rack/runtime.rb:17:in `call'
  activesupport (4.1.1) lib/active_support/cache/strategy/local_cache_middleware.rb:26:in `call'
  rack (1.5.2) lib/rack/lock.rb:17:in `call'
  actionpack (4.1.1) lib/action_dispatch/middleware/static.rb:64:in `call'
  rack (1.5.2) lib/rack/sendfile.rb:112:in `call'
  railties (4.1.1) lib/rails/engine.rb:514:in `call'
  railties (4.1.1) lib/rails/application.rb:144:in `call'
  passenger (4.0.45) lib/phusion_passenger/rack/thread_handler_extension.rb:74:in `process_request'
  passenger (4.0.45) lib/phusion_passenger/request_handler/thread_handler.rb:141:in `accept_and_process_next_request'
  passenger (4.0.45) lib/phusion_passenger/request_handler/thread_handler.rb:109:in `main_loop'
  passenger (4.0.45) lib/phusion_passenger/request_handler.rb:448:in `block (3 levels) in start_threads' (pid:27015)
[0;37m2014-06-17 11:53:18.212[0m [[32mfyi[0m] Rendered /Users/pete/.rvm/gems/ruby-2.1.2@rails-410/gems/actionpack-4.1.1/lib/action_dispatch/middleware/templates/rescues/_trace.html.erb (1.6ms) (pid:27015)
[0;37m2014-06-17 11:53:18.383[0m [[32mfyi[0m] Rendered /Users/pete/.rvm/gems/ruby-2.1.2@rails-410/gems/actionpack-4.1.1/lib/action_dispatch/middleware/templates/routes/_route.html.erb (99.8ms) (pid:27015)
[0;37m2014-06-17 11:53:18.388[0m [[32mfyi[0m] Rendered /Users/pete/.rvm/gems/ruby-2.1.2@rails-410/gems/actionpack-4.1.1/lib/action_dispatch/middleware/templates/routes/_table.html.erb (1.3ms) (pid:27015)
[0;37m2014-06-17 11:53:18.388[0m [[32mfyi[0m] Rendered /Users/pete/.rvm/gems/ruby-2.1.2@rails-410/gems/actionpack-4.1.1/lib/action_dispatch/middleware/templates/rescues/routing_error.html.erb within rescues/layout (187.1ms) (pid:27015)
[0;37m2014-06-17 14:00:18.863[0m [[0;37mmeh[0m]  (pid:27037)
[0;37m2014-06-17 14:00:18.883[0m [[0;37mmeh[0m]  (pid:27037)
[0;37m2014-06-17 14:00:18.892[0m [[32mfyi[0m] Started GET "/" for 127.0.0.1 at 2014-06-17 14:00:18 +1000 (pid:27037)
[0;37m2014-06-17 14:00:19.736[0m [[32mfyi[0m] Processing by HomeController#index as HTML (pid:27037)
[0;37m2014-06-17 14:00:19.857[0m [[0;37mmeh[0m] [1m[36mBanner Load (9.4ms)[0m  [1mSELECT  "banners".* FROM "banners"   ORDER BY "banners"."id" ASC LIMIT 1[0m (pid:27037)
[0;37m2014-06-17 14:00:19.916[0m [[0;37mmeh[0m] [1m[35mUser Load (1.3ms)[0m  SELECT  "users".* FROM "users"  WHERE "users"."id" = 1  ORDER BY "users"."id" ASC LIMIT 1 (pid:27037)
[0;37m2014-06-17 14:00:19.954[0m [[0;37mmeh[0m] [1m[36m (0.6ms)[0m  [1mBEGIN[0m (pid:27037)
[0;37m2014-06-17 14:00:20.494[0m [[0;37mmeh[0m] [1m[35mSQL (45.1ms)[0m  INSERT INTO "impressions" ("action_name", "controller_name", "created_at", "impressionable_type", "ip_address", "referrer", "request_hash", "session_hash", "updated_at", "user_id") VALUES ($1, $2, $3, $4, $5, $6, $7, $8, $9, $10) RETURNING "id"  [["action_name", "index"], ["controller_name", "home"], ["created_at", "2014-06-17 04:00:19.961506"], ["impressionable_type", "Home"], ["ip_address", "127.0.0.1"], ["referrer", "http://localhost:3000/blog"], ["request_hash", "70e7e90349f621ee61eacc1590c67da26f7584f3aac0b05ccabefa19c4c34bf9"], ["session_hash", "53ad9ff65043e14bf123542d71f5219b"], ["updated_at", "2014-06-17 04:00:19.961506"], ["user_id", 1]] (pid:27037)
[0;37m2014-06-17 14:00:20.550[0m [[0;37mmeh[0m] [1m[36m (2.4ms)[0m  [1mCOMMIT[0m (pid:27037)
[0;37m2014-06-17 14:00:20.134[0m [[0;37mmeh[0m] [1m[35mTestimonial Load (0.9ms)[0m  SELECT  "testimonials".* FROM "testimonials"  WHERE "testimonials"."featured" = 't' LIMIT 3 (pid:27037)
[0;37m2014-06-17 14:00:20.221[0m [[0;37mmeh[0m] [1m[36m (7.0ms)[0m  [1mSELECT COUNT(count_column) FROM (SELECT  1 AS count_column FROM "events"  WHERE (date >= '2014-06-17') LIMIT 3) subquery_for_count[0m (pid:27037)
[0;37m2014-06-17 14:00:20.231[0m [[0;37mmeh[0m] [1m[35m (1.0ms)[0m  SELECT COUNT(count_column) FROM (SELECT  1 AS count_column FROM "weekend_programmes"  WHERE "weekend_programmes"."active" = 't' AND (date > '2014-06-17') LIMIT 3) subquery_for_count (pid:27037)
[0;37m2014-06-17 14:00:20.233[0m [[0;37mmeh[0m] [1m[36mWeekendProgramme Load (0.5ms)[0m  [1mSELECT  "weekend_programmes".* FROM "weekend_programmes"  WHERE "weekend_programmes"."active" = 't' AND (date > '2014-06-17')  ORDER BY "weekend_programmes"."date" ASC LIMIT 3[0m (pid:27037)
[0;37m2014-06-17 14:00:20.289[0m [[0;37mmeh[0m] [1m[35mLocation Load (12.4ms)[0m  SELECT  "locations".* FROM "locations"  WHERE "locations"."id" = $1 LIMIT 1  [["id", 3]] (pid:27037)
[0;37m2014-06-17 14:00:20.310[0m [[0;37mmeh[0m] [1m[36mPopularProgramme Load (0.5ms)[0m  [1mSELECT  "popular_programmes".* FROM "popular_programmes"  WHERE "popular_programmes"."id" = $1 LIMIT 1[0m  [["id", 2]] (pid:27037)
[0;37m2014-06-17 14:00:20.348[0m [[0;37mmeh[0m] [1m[35mLocation Load (0.5ms)[0m  SELECT  "locations".* FROM "locations"  WHERE "locations"."id" = $1 LIMIT 1  [["id", 2]] (pid:27037)
[0;37m2014-06-17 14:00:20.350[0m [[0;37mmeh[0m] [1m[36mCACHE (0.0ms)[0m  [1mSELECT  "popular_programmes".* FROM "popular_programmes"  WHERE "popular_programmes"."id" = $1 LIMIT 1[0m  [["id", 2]] (pid:27037)
[0;37m2014-06-17 14:00:20.358[0m [[0;37mmeh[0m] [1m[35mCACHE (0.0ms)[0m  SELECT  "locations".* FROM "locations"  WHERE "locations"."id" = $1 LIMIT 1  [["id", 3]] (pid:27037)
[0;37m2014-06-17 14:00:20.359[0m [[0;37mmeh[0m] [1m[36mPopularProgramme Load (0.4ms)[0m  [1mSELECT  "popular_programmes".* FROM "popular_programmes"  WHERE "popular_programmes"."id" = $1 LIMIT 1[0m  [["id", 3]] (pid:27037)
[0;37m2014-06-17 14:00:20.363[0m [[0;37mmeh[0m] [1m[35mEvent Load (0.4ms)[0m  SELECT  "events".* FROM "events"  WHERE (date >= '2014-06-17')  ORDER BY "events"."date" ASC LIMIT 3 (pid:27037)
[0;37m2014-06-17 14:00:20.365[0m [[0;37mmeh[0m] [1m[36mCACHE (0.0ms)[0m  [1mSELECT  "locations".* FROM "locations"  WHERE "locations"."id" = $1 LIMIT 1[0m  [["id", 3]] (pid:27037)
[0;37m2014-06-17 14:00:20.375[0m [[32mfyi[0m] Rendered home/_upcoming_programmes.html.erb (181.9ms) (pid:27037)
[0;37m2014-06-17 14:00:20.376[0m [[32mfyi[0m] Rendered home/index.html.erb within layouts/public (264.4ms) (pid:27037)
[0;37m2014-06-17 14:00:20.827[0m [[32mfyi[0m] Rendered layouts/_icons.html.erb (21.7ms) (pid:27037)
[0;37m2014-06-17 14:00:20.838[0m [[32mfyi[0m] Rendered layouts/_post_meta.html.erb (7.6ms) (pid:27037)
[0;37m2014-06-17 14:00:20.841[0m [[32mfyi[0m] Rendered layouts/_facebook_pixel.html.erb (1.5ms) (pid:27037)
[0;37m2014-06-17 14:00:20.845[0m [[32mfyi[0m] Rendered layouts/_google_analytics.html.erb (1.6ms) (pid:27037)
[0;37m2014-06-17 14:00:20.859[0m [[0;37mmeh[0m] [1m[35mPopularProgramme Load (0.7ms)[0m  SELECT "popular_programmes".* FROM "popular_programmes"   ORDER BY "popular_programmes"."price" ASC (pid:27037)
[0;37m2014-06-17 14:00:20.862[0m [[32mfyi[0m] Rendered layouts/_header_links2.html.erb (10.7ms) (pid:27037)
[0;37m2014-06-17 14:00:20.862[0m [[32mfyi[0m] Rendered layouts/_header.html.erb (14.8ms) (pid:27037)
[0;37m2014-06-17 14:00:20.875[0m [[32mfyi[0m] Rendered layouts/_footer.html.erb (2.4ms) (pid:27037)
[0;37m2014-06-17 14:00:21.121[0m [[32mfyi[0m] Completed 200 OK in 1384ms (Views: 977.9ms | ActiveRecord: 173.0ms) (pid:27037)
[0;37m2014-06-17 14:00:24.828[0m [[0;37mmeh[0m]  (pid:27037)
[0;37m2014-06-17 14:00:24.828[0m [[0;37mmeh[0m]  (pid:27037)
[0;37m2014-06-17 14:00:24.835[0m [[32mfyi[0m] Started GET "/fonts/fontawesome-webfont.woff?v=4.0.3" for 127.0.0.1 at 2014-06-17 14:00:24 +1000 (pid:27037)
[0;37m2014-06-17 14:00:24.900[0m [[31momg[0m] ActionController::RoutingError (No route matches [GET] "/fonts/fontawesome-webfont.woff"):
  actionpack (4.1.1) lib/action_dispatch/middleware/debug_exceptions.rb:21:in `call'
  actionpack (4.1.1) lib/action_dispatch/middleware/show_exceptions.rb:30:in `call'
  railties (4.1.1) lib/rails/rack/logger.rb:38:in `call_app'
  railties (4.1.1) lib/rails/rack/logger.rb:22:in `call'
  quiet_assets (1.0.2) lib/quiet_assets.rb:18:in `call_with_quiet_assets'
  actionpack (4.1.1) lib/action_dispatch/middleware/request_id.rb:21:in `call'
  rack (1.5.2) lib/rack/methodoverride.rb:21:in `call'
  rack (1.5.2) lib/rack/runtime.rb:17:in `call'
  activesupport (4.1.1) lib/active_support/cache/strategy/local_cache_middleware.rb:26:in `call'
  rack (1.5.2) lib/rack/lock.rb:17:in `call'
  actionpack (4.1.1) lib/action_dispatch/middleware/static.rb:64:in `call'
  rack (1.5.2) lib/rack/sendfile.rb:112:in `call'
  railties (4.1.1) lib/rails/engine.rb:514:in `call'
  railties (4.1.1) lib/rails/application.rb:144:in `call'
  passenger (4.0.45) lib/phusion_passenger/rack/thread_handler_extension.rb:74:in `process_request'
  passenger (4.0.45) lib/phusion_passenger/request_handler/thread_handler.rb:141:in `accept_and_process_next_request'
  passenger (4.0.45) lib/phusion_passenger/request_handler/thread_handler.rb:109:in `main_loop'
  passenger (4.0.45) lib/phusion_passenger/request_handler.rb:448:in `block (3 levels) in start_threads' (pid:27037)
[0;37m2014-06-17 14:00:24.952[0m [[32mfyi[0m] Rendered /Users/pete/.rvm/gems/ruby-2.1.2@rails-410/gems/actionpack-4.1.1/lib/action_dispatch/middleware/templates/rescues/_trace.html.erb (2.4ms) (pid:27037)
[0;37m2014-06-17 14:00:25.258[0m [[32mfyi[0m] Rendered /Users/pete/.rvm/gems/ruby-2.1.2@rails-410/gems/actionpack-4.1.1/lib/action_dispatch/middleware/templates/routes/_route.html.erb (68.7ms) (pid:27037)
[0;37m2014-06-17 14:00:25.277[0m [[32mfyi[0m] Rendered /Users/pete/.rvm/gems/ruby-2.1.2@rails-410/gems/actionpack-4.1.1/lib/action_dispatch/middleware/templates/routes/_table.html.erb (9.0ms) (pid:27037)
[0;37m2014-06-17 14:00:25.277[0m [[32mfyi[0m] Rendered /Users/pete/.rvm/gems/ruby-2.1.2@rails-410/gems/actionpack-4.1.1/lib/action_dispatch/middleware/templates/rescues/routing_error.html.erb within rescues/layout (355.1ms) (pid:27037)
[0;37m2014-06-17 14:00:25.682[0m [[0;37mmeh[0m]  (pid:27037)
[0;37m2014-06-17 14:00:25.684[0m [[0;37mmeh[0m]  (pid:27037)
[0;37m2014-06-17 14:00:25.684[0m [[32mfyi[0m] Started GET "/fonts/fontawesome-webfont.svg?v=4.0.3" for 127.0.0.1 at 2014-06-17 14:00:25 +1000 (pid:27037)
[0;37m2014-06-17 14:00:25.746[0m [[31momg[0m] ActionController::RoutingError (No route matches [GET] "/fonts/fontawesome-webfont.svg"):
  actionpack (4.1.1) lib/action_dispatch/middleware/debug_exceptions.rb:21:in `call'
  actionpack (4.1.1) lib/action_dispatch/middleware/show_exceptions.rb:30:in `call'
  railties (4.1.1) lib/rails/rack/logger.rb:38:in `call_app'
  railties (4.1.1) lib/rails/rack/logger.rb:22:in `call'
  quiet_assets (1.0.2) lib/quiet_assets.rb:18:in `call_with_quiet_assets'
  actionpack (4.1.1) lib/action_dispatch/middleware/request_id.rb:21:in `call'
  rack (1.5.2) lib/rack/methodoverride.rb:21:in `call'
  rack (1.5.2) lib/rack/runtime.rb:17:in `call'
  activesupport (4.1.1) lib/active_support/cache/strategy/local_cache_middleware.rb:26:in `call'
  rack (1.5.2) lib/rack/lock.rb:17:in `call'
  actionpack (4.1.1) lib/action_dispatch/middleware/static.rb:64:in `call'
  rack (1.5.2) lib/rack/sendfile.rb:112:in `call'
  railties (4.1.1) lib/rails/engine.rb:514:in `call'
  railties (4.1.1) lib/rails/application.rb:144:in `call'
  passenger (4.0.45) lib/phusion_passenger/rack/thread_handler_extension.rb:74:in `process_request'
  passenger (4.0.45) lib/phusion_passenger/request_handler/thread_handler.rb:141:in `accept_and_process_next_request'
  passenger (4.0.45) lib/phusion_passenger/request_handler/thread_handler.rb:109:in `main_loop'
  passenger (4.0.45) lib/phusion_passenger/request_handler.rb:448:in `block (3 levels) in start_threads' (pid:27037)
[0;37m2014-06-17 14:00:25.773[0m [[32mfyi[0m] Rendered /Users/pete/.rvm/gems/ruby-2.1.2@rails-410/gems/actionpack-4.1.1/lib/action_dispatch/middleware/templates/rescues/_trace.html.erb (2.3ms) (pid:27037)
[0;37m2014-06-17 14:00:25.957[0m [[32mfyi[0m] Rendered /Users/pete/.rvm/gems/ruby-2.1.2@rails-410/gems/actionpack-4.1.1/lib/action_dispatch/middleware/templates/routes/_route.html.erb (46.9ms) (pid:27037)
[0;37m2014-06-17 14:00:25.997[0m [[32mfyi[0m] Rendered /Users/pete/.rvm/gems/ruby-2.1.2@rails-410/gems/actionpack-4.1.1/lib/action_dispatch/middleware/templates/routes/_table.html.erb (2.4ms) (pid:27037)
[0;37m2014-06-17 14:00:25.997[0m [[32mfyi[0m] Rendered /Users/pete/.rvm/gems/ruby-2.1.2@rails-410/gems/actionpack-4.1.1/lib/action_dispatch/middleware/templates/rescues/routing_error.html.erb within rescues/layout (234.4ms) (pid:27037)
